Command line:
   data_ram_tb_isim_beh.exe
     -simmode  gui
     -simrunnum  0
     -socket  35475

Tue Aug 29 18:26:32 2017


 Elaboration Time: 0.01 sec

 Current Memory Usage: 236.024 Meg

 Total Signals          : 14
 Total Nets             : 553
 Total Signal Drivers   : 8
 Total Blocks           : 5
 Total Primitive Blocks : 4
 Total Processes        : 5
 Total Traceable Variables  : 14
 Total Scalar Nets and Variables : 935
Total Line Count : 33
Total Line Count : 33

 Total Simulation Time: 0.06 sec

 Current Memory Usage: 311.525 Meg

Tue Aug 29 18:27:35 2017

