Command line:
   reg_tb_isim_beh.exe
     -simmode  gui
     -simrunnum  1
     -socket  58409

Wed Aug 30 10:30:23 2017


 Elaboration Time: 0.01 sec

 Current Memory Usage: 235.815 Meg

 Total Signals          : 11
 Total Nets             : 51
 Total Signal Drivers   : 6
 Total Blocks           : 3
 Total Primitive Blocks : 2
 Total Processes        : 4
 Total Traceable Variables  : 10
 Total Scalar Nets and Variables : 413
Total Line Count : 20

 Total Simulation Time: 0.03 sec

 Current Memory Usage: 311.316 Meg

Wed Aug 30 10:30:55 2017

