Command line:
   mux_tb_isim_beh.exe
     -simmode  gui
     -simrunnum  0
     -socket  47679

Wed Aug 30 10:53:41 2017


 Elaboration Time: 0.01 sec

 Current Memory Usage: 235.811 Meg

 Total Signals          : 22
 Total Nets             : 164
 Total Signal Drivers   : 11
 Total Blocks           : 3
 Total Primitive Blocks : 2
 Total Processes        : 2
 Total Traceable Variables  : 10
 Total Scalar Nets and Variables : 526
Total Line Count : 41

 Total Simulation Time: 0.08 sec

 Current Memory Usage: 311.312 Meg

Wed Aug 30 10:54:00 2017

